<?xml version="1.0" encoding="UTF-8"?>
<!-- Generated by org.testng.reporters.JUnitReportReporter -->
<testsuite hostname="aastha" name="Script.TestRSTimeSeries" tests="1" failures="0" timestamp="24 Jul 2019 01:48:58 GMT" time="1177.271" errors="0">
  <testcase name="testRSTimeSeries" time="1177.271" classname="Script.TestRSTimeSeries"/>
</testsuite> <!-- Script.TestRSTimeSeries -->
