<?xml version="1.0" encoding="UTF-8"?>
<!-- Generated by org.testng.reporters.JUnitReportReporter -->
<testsuite hostname="aastha" name="Script.TestRSCharts" tests="1" failures="0" timestamp="6 May 2019 15:55:46 GMT" time="62.871" errors="0">
  <testcase name="testRSCharts" time="62.871" classname="Script.TestRSCharts"/>
</testsuite> <!-- Script.TestRSCharts -->
