<?xml version="1.0" encoding="UTF-8"?>
<!-- Generated by org.testng.reporters.JUnitReportReporter -->
<testsuite hostname="aastha" name="Script.TestInsituVSModelTimeSeries" tests="1" failures="0" timestamp="24 Jul 2019 01:48:58 GMT" time="1332.569" errors="0">
  <testcase name="testInsituVSModelTS" time="1332.569" classname="Script.TestInsituVSModelTimeSeries"/>
</testsuite> <!-- Script.TestInsituVSModelTimeSeries -->
