<?xml version="1.0" encoding="UTF-8"?>
<!-- Generated by org.testng.reporters.JUnitReportReporter -->
<testsuite hostname="aastha" name="Script.TestModelScatterPlot" tests="1" failures="0" timestamp="24 Jul 2019 01:48:58 GMT" time="955.636" errors="0">
  <testcase name="testModelScatterPlot" time="955.636" classname="Script.TestModelScatterPlot"/>
</testsuite> <!-- Script.TestModelScatterPlot -->
