<?xml version="1.0" encoding="UTF-8"?>
<!-- Generated by org.testng.reporters.JUnitReportReporter -->
<testsuite hostname="aastha" name="Script.TestModelHovmollerTime" tests="1" failures="0" timestamp="24 Jul 2019 01:48:58 GMT" time="2062.747" errors="0">
  <testcase name="testModelHovmollerTime" time="2062.747" classname="Script.TestModelHovmollerTime"/>
</testsuite> <!-- Script.TestModelHovmollerTime -->
