<?xml version="1.0" encoding="UTF-8"?>
<!-- Generated by org.testng.reporters.JUnitReportReporter -->
<testsuite hostname="aastha" name="Script.TestRSVSModelScatter" tests="1" failures="0" timestamp="24 Jul 2019 01:48:58 GMT" time="6014.044" errors="0">
  <testcase name="testRSVSModelScatter" time="6014.044" classname="Script.TestRSVSModelScatter"/>
</testsuite> <!-- Script.TestRSVSModelScatter -->
