<?xml version="1.0" encoding="UTF-8"?>
<!-- Generated by org.testng.reporters.JUnitReportReporter -->
<testsuite hostname="aastha" name="Script.TestModelPseudoColor" tests="1" failures="0" timestamp="24 Jul 2019 01:48:58 GMT" time="1093.427" errors="0">
  <testcase name="testModelPseudoColor" time="1093.427" classname="Script.TestModelPseudoColor"/>
</testsuite> <!-- Script.TestModelPseudoColor -->
