<?xml version="1.0" encoding="UTF-8"?>
<!-- Generated by org.testng.reporters.JUnitReportReporter -->
<testsuite hostname="aastha" name="Script.TestRSPseudoColor" tests="1" failures="0" timestamp="24 Jul 2019 01:48:58 GMT" time="1384.881" errors="0">
  <testcase name="testRSPseudoColor" time="1384.881" classname="Script.TestRSPseudoColor"/>
</testsuite> <!-- Script.TestRSPseudoColor -->
