<?xml version="1.0" encoding="UTF-8"?>
<!-- Generated by org.testng.reporters.JUnitReportReporter -->
<testsuite hostname="aastha" name="Script.TestModelStickPlot" tests="1" failures="0" timestamp="24 Jul 2019 01:48:58 GMT" time="1007.795" errors="0">
  <testcase name="testModelStickPlot" time="1007.795" classname="Script.TestModelStickPlot"/>
</testsuite> <!-- Script.TestModelStickPlot -->
