<?xml version="1.0" encoding="UTF-8"?>
<!-- Generated by org.testng.reporters.JUnitReportReporter -->
<testsuite hostname="aastha" name="Script.TestModelTimeSeriesMulti" tests="1" failures="0" timestamp="24 Jul 2019 01:48:58 GMT" time="932.754" errors="0">
  <testcase name="testModelTimeSeriesMulti" time="932.754" classname="Script.TestModelTimeSeriesMulti"/>
</testsuite> <!-- Script.TestModelTimeSeriesMulti -->
