<?xml version="1.0" encoding="UTF-8"?>
<!-- Generated by org.testng.reporters.JUnitReportReporter -->
<testsuite hostname="aastha" name="Script.TestYatra" tests="1" failures="0" timestamp="9 Aug 2019 07:26:18 GMT" time="56.353" errors="0">
  <testcase name="testYatra" time="56.353" classname="Script.TestYatra"/>
</testsuite> <!-- Script.TestYatra -->
