<?xml version="1.0" encoding="UTF-8"?>
<!-- Generated by org.testng.reporters.JUnitReportReporter -->
<testsuite hostname="aastha" name="Script.TestModelArrowPlot" tests="1" failures="0" timestamp="24 Jul 2019 01:48:58 GMT" time="1095.296" errors="0">
  <testcase name="testModelArrowPlot" time="1095.296" classname="Script.TestModelArrowPlot"/>
</testsuite> <!-- Script.TestModelArrowPlot -->
