<?xml version="1.0" encoding="UTF-8"?>
<!-- Generated by org.testng.reporters.JUnitReportReporter -->
<testsuite hostname="aastha" name="Script.TestModelPlots" tests="1" failures="0" timestamp="6 May 2019 15:55:46 GMT" time="1809.774" errors="0">
  <testcase name="testModelPlots" time="1809.774" classname="Script.TestModelPlots"/>
</testsuite> <!-- Script.TestModelPlots -->
