<?xml version="1.0" encoding="UTF-8"?>
<!-- Generated by org.testng.reporters.JUnitReportReporter -->
<testsuite hostname="aastha" name="Script.TestRSHovmollerPlot" tests="1" failures="0" timestamp="24 Jul 2019 01:48:58 GMT" time="2699.545" errors="0">
  <testcase name="testRSHovmollerPlot" time="2699.545" classname="Script.TestRSHovmollerPlot"/>
</testsuite> <!-- Script.TestRSHovmollerPlot -->
