<?xml version="1.0" encoding="UTF-8"?>
<!-- Generated by org.testng.reporters.JUnitReportReporter -->
<testsuite hostname="aastha" name="Script.TestModelCubePlot" tests="1" failures="0" timestamp="24 Jul 2019 01:48:58 GMT" time="1132.672" errors="0">
  <testcase name="testModelCubePlot" time="1132.672" classname="Script.TestModelCubePlot"/>
</testsuite> <!-- Script.TestModelCubePlot -->
