<?xml version="1.0" encoding="UTF-8"?>
<!-- Generated by org.testng.reporters.JUnitReportReporter -->
<testsuite hostname="aastha" name="Script.TestModelRosePlot" tests="1" failures="0" timestamp="24 Jul 2019 01:48:58 GMT" time="955.824" errors="0">
  <testcase name="testModelRosePlot" time="955.824" classname="Script.TestModelRosePlot"/>
</testsuite> <!-- Script.TestModelRosePlot -->
