<?xml version="1.0" encoding="UTF-8"?>
<!-- Generated by org.testng.reporters.JUnitReportReporter -->
<testsuite hostname="aastha" name="Script.TestRSBaseRaster" tests="1" failures="0" timestamp="24 Jul 2019 01:48:58 GMT" time="2154.340" errors="0">
  <testcase name="testRSBaseRaster" time="2154.340" classname="Script.TestRSBaseRaster"/>
</testsuite> <!-- Script.TestRSBaseRaster -->
