<?xml version="1.0" encoding="UTF-8"?>
<!-- Generated by org.testng.reporters.JUnitReportReporter -->
<testsuite hostname="aastha" name="Script.TestModelDepthXSection" tests="1" failures="0" timestamp="24 Jul 2019 01:48:58 GMT" time="1591.070" errors="0">
  <testcase name="testModelDepthXSection" time="1591.070" classname="Script.TestModelDepthXSection"/>
</testsuite> <!-- Script.TestModelDepthXSection -->
