<?xml version="1.0" encoding="UTF-8"?>
<!-- Generated by org.testng.reporters.JUnitReportReporter -->
<testsuite hostname="aastha" name="Script.TestRSMultibandRGB" tests="1" failures="0" timestamp="24 Jul 2019 01:48:58 GMT" time="1557.939" errors="0">
  <testcase name="testRSMultibandRGB" time="1557.939" classname="Script.TestRSMultibandRGB"/>
</testsuite> <!-- Script.TestRSMultibandRGB -->
