<?xml version="1.0" encoding="UTF-8"?>
<!-- Generated by org.testng.reporters.JUnitReportReporter -->
<testsuite hostname="aastha" name="Script.TestModelWaterfallPlot" tests="1" failures="0" timestamp="24 Jul 2019 01:48:58 GMT" time="912.530" errors="0">
  <testcase name="testModelWaterfallPlot" time="912.530" classname="Script.TestModelWaterfallPlot"/>
</testsuite> <!-- Script.TestModelWaterfallPlot -->
