<?xml version="1.0" encoding="UTF-8"?>
<!-- Generated by org.testng.reporters.JUnitReportReporter -->
<testsuite hostname="aastha" name="Script.TestOverlay" tests="1" failures="0" timestamp="22 Jul 2019 13:41:33 GMT" time="68.429" errors="0">
  <testcase name="testOverlay" time="68.429" classname="Script.TestOverlay"/>
</testsuite> <!-- Script.TestOverlay -->
