<?xml version="1.0" encoding="UTF-8"?>
<!-- Generated by org.testng.reporters.JUnitReportReporter -->
<testsuite hostname="aastha" name="Script.TestRSScaleEnhancement" tests="1" failures="0" timestamp="24 Jul 2019 01:48:58 GMT" time="1618.355" errors="0">
  <testcase name="testRSScaleEnhancement" time="1618.355" classname="Script.TestRSScaleEnhancement"/>
</testsuite> <!-- Script.TestRSScaleEnhancement -->
