<?xml version="1.0" encoding="UTF-8"?>
<!-- Generated by org.testng.reporters.JUnitReportReporter -->
<testsuite hostname="aastha" name="Script.TestRSSpatialProfile" tests="1" failures="0" timestamp="24 Jul 2019 01:48:58 GMT" time="1955.808" errors="0">
  <testcase name="testRSSpatialProfile" time="1955.808" classname="Script.TestRSSpatialProfile"/>
</testsuite> <!-- Script.TestRSSpatialProfile -->
