<?xml version="1.0" encoding="UTF-8"?>
<!-- Generated by org.testng.reporters.JUnitReportReporter -->
<testsuite hostname="aastha" name="Script.TestFabHotels" tests="1" failures="0" timestamp="20 Aug 2019 06:19:58 GMT" time="24.261" errors="0">
  <testcase name="testFabHotels" time="24.261" classname="Script.TestFabHotels"/>
</testsuite> <!-- Script.TestFabHotels -->
