<?xml version="1.0" encoding="UTF-8"?>
<!-- Generated by org.testng.reporters.JUnitReportReporter -->
<testsuite hostname="aastha" name="Script.TestModelVectorPlot" tests="1" failures="0" timestamp="24 Jul 2019 01:48:58 GMT" time="5607.140" errors="0">
  <testcase name="testModelVectorPlot" time="5607.140" classname="Script.TestModelVectorPlot"/>
</testsuite> <!-- Script.TestModelVectorPlot -->
