<?xml version="1.0" encoding="UTF-8"?>
<!-- Generated by org.testng.reporters.JUnitReportReporter -->
<testsuite hostname="aastha" name="Script.TestRSSpectralProfile" tests="1" failures="0" timestamp="24 Jul 2019 01:48:58 GMT" time="1843.733" errors="0">
  <testcase name="testRSSpectralProfile" time="1843.733" classname="Script.TestRSSpectralProfile"/>
</testsuite> <!-- Script.TestRSSpectralProfile -->
