<?xml version="1.0" encoding="UTF-8"?>
<!-- Generated by org.testng.reporters.JUnitReportReporter -->
<testsuite hostname="aastha" name="Script.TestInsituVSModelScatter" tests="1" failures="0" timestamp="24 Jul 2019 01:48:58 GMT" time="2141.272" errors="0">
  <testcase name="testInsituVSModelScatter" time="2141.272" classname="Script.TestInsituVSModelScatter"/>
</testsuite> <!-- Script.TestInsituVSModelScatter -->
