<?xml version="1.0" encoding="UTF-8"?>
<!-- Generated by org.testng.reporters.JUnitReportReporter -->
<testsuite hostname="aastha" name="Script.TestRSTrackProfile" tests="1" failures="0" timestamp="18 Jul 2019 05:59:59 GMT" time="238.347" errors="0">
  <testcase name="testRSTrackProfile" time="238.347" classname="Script.TestRSTrackProfile"/>
</testsuite> <!-- Script.TestRSTrackProfile -->
