<?xml version="1.0" encoding="UTF-8"?>
<!-- Generated by org.testng.reporters.JUnitReportReporter -->
<testsuite hostname="aastha" name="Script.TestModelHovmollerDepth" tests="1" failures="0" timestamp="24 Jul 2019 01:48:58 GMT" time="993.136" errors="0">
  <testcase name="testModelHovmollerDepth" time="993.136" classname="Script.TestModelHovmollerDepth"/>
</testsuite> <!-- Script.TestModelHovmollerDepth -->
