<?xml version="1.0" encoding="UTF-8"?>
<!-- Generated by org.testng.reporters.JUnitReportReporter -->
<testsuite hostname="aastha" name="Script.TestFilters" tests="1" failures="0" timestamp="19 Jul 2019 06:27:58 GMT" time="331.267" errors="0">
  <testcase name="testFilters" time="331.267" classname="Script.TestFilters"/>
</testsuite> <!-- Script.TestFilters -->
