<?xml version="1.0" encoding="UTF-8"?>
<!-- Generated by org.testng.reporters.JUnitReportReporter -->
<testsuite hostname="aastha" name="Script.TestModelTimeSeries" tests="1" failures="0" timestamp="24 Jul 2019 01:48:58 GMT" time="899.749" errors="0">
  <testcase name="testTestModelTimeSeries" time="899.749" classname="Script.TestModelTimeSeries"/>
</testsuite> <!-- Script.TestModelTimeSeries -->
