<?xml version="1.0" encoding="UTF-8"?>
<!-- Generated by org.testng.reporters.JUnitReportReporter -->
<testsuite skipped="0" hostname="aastha" name="Script.TestYatra" tests="1" failures="0" timestamp="09 Aug 2019 07:27:31 GMT" time="56.767" errors="0">
  <testcase name="testYatra" time="56.767" classname="Script.TestYatra"/>
</testsuite> <!-- Script.TestYatra -->
